Module message: Setting OPENBLAS_NUM_THREADS to 1. Done. 
rm: cannot remove ‘data/Samples/*’: No such file or directory
rm: cannot remove ‘data/Tidy_Topics/*’: No such file or directory
rm: cannot remove ‘data/Tree_Distance/*’: No such file or directory
Running hSBM on sample: 4 with sample_prop: 0.025
Running hSBM on sample: 2 with sample_prop: 0.025
Running hSBM on sample: 3 with sample_prop: 0.025
Running hSBM on sample: 1 with sample_prop: 0.025
Running hSBM on sample: 0 with sample_prop: 1.0
Running hSBM on sample: 6 with sample_prop: 0.025
Running hSBM on sample: 7 with sample_prop: 0.025
Running hSBM on sample: 8 with sample_prop: 0.025
Running hSBM on sample: 9 with sample_prop: 0.025
Running hSBM on sample: 5 with sample_prop: 0.025
Running hSBM on sample: 14 with sample_prop: 0.05
Running hSBM on sample: 10 with sample_prop: 0.025
Running hSBM on sample: 12 with sample_prop: 0.05
Running hSBM on sample: 11 with sample_prop: 0.05
Running hSBM on sample: 13 with sample_prop: 0.05
Running hSBM on sample: 17 with sample_prop: 0.05
Running hSBM on sample: 15 with sample_prop: 0.05
Running hSBM on sample: 19 with sample_prop: 0.05
Running hSBM on sample: 16 with sample_prop: 0.05
Running hSBM on sample: 18 with sample_prop: 0.05
Running hSBM on sample: 20 with sample_prop: 0.05
Running hSBM on sample: 23 with sample_prop: 0.075
Running hSBM on sample: 24 with sample_prop: 0.075
Running hSBM on sample: 22 with sample_prop: 0.075
Running hSBM on sample: 21 with sample_prop: 0.075
Running hSBM on sample: 29 with sample_prop: 0.075
Running hSBM on sample: 28 with sample_prop: 0.075
Running hSBM on sample: 26 with sample_prop: 0.075
Running hSBM on sample: 27 with sample_prop: 0.075
Running hSBM on sample: 25 with sample_prop: 0.075
Running hSBM on sample: 30 with sample_prop: 0.075
Running hSBM on sample: 31 with sample_prop: 0.1
Running hSBM on sample: 32 with sample_prop: 0.1
Running hSBM on sample: 34 with sample_prop: 0.1
Running hSBM on sample: 33 with sample_prop: 0.1
Running hSBM on sample: 39 with sample_prop: 0.1
Running hSBM on sample: 36 with sample_prop: 0.1
Running hSBM on sample: 38 with sample_prop: 0.1
Running hSBM on sample: 35 with sample_prop: 0.1
Running hSBM on sample: 37 with sample_prop: 0.1
Running hSBM on sample: 43 with sample_prop: 0.125
Running hSBM on sample: 42 with sample_prop: 0.125
Running hSBM on sample: 41 with sample_prop: 0.125
Running hSBM on sample: 40 with sample_prop: 0.1
Running hSBM on sample: 44 with sample_prop: 0.125
Running hSBM on sample: 47 with sample_prop: 0.125
Running hSBM on sample: 45 with sample_prop: 0.125
Running hSBM on sample: 49 with sample_prop: 0.125
Running hSBM on sample: 48 with sample_prop: 0.125
Running hSBM on sample: 46 with sample_prop: 0.125
Running hSBM on sample: 53 with sample_prop: 0.15
Running hSBM on sample: 52 with sample_prop: 0.15
Running hSBM on sample: 50 with sample_prop: 0.125
Running hSBM on sample: 54 with sample_prop: 0.15
Running hSBM on sample: 51 with sample_prop: 0.15
Running hSBM on sample: 57 with sample_prop: 0.15
Running hSBM on sample: 55 with sample_prop: 0.15
Running hSBM on sample: 58 with sample_prop: 0.15
Running hSBM on sample: 59 with sample_prop: 0.15
Running hSBM on sample: 56 with sample_prop: 0.15
Running hSBM on sample: 62 with sample_prop: 0.175
Running hSBM on sample: 64 with sample_prop: 0.175
Running hSBM on sample: 63 with sample_prop: 0.175
Running hSBM on sample: 61 with sample_prop: 0.175
Running hSBM on sample: 60 with sample_prop: 0.15
Running hSBM on sample: 66 with sample_prop: 0.175
Running hSBM on sample: 69 with sample_prop: 0.175
Running hSBM on sample: 68 with sample_prop: 0.175
Running hSBM on sample: 67 with sample_prop: 0.175
Running hSBM on sample: 65 with sample_prop: 0.175
Running hSBM on sample: 70 with sample_prop: 0.175
Running hSBM on sample: 72 with sample_prop: 0.1999999999999999
Running hSBM on sample: 74 with sample_prop: 0.1999999999999999
Running hSBM on sample: 71 with sample_prop: 0.1999999999999999
Running hSBM on sample: 73 with sample_prop: 0.1999999999999999
Running hSBM on sample: 76 with sample_prop: 0.1999999999999999
Running hSBM on sample: 79 with sample_prop: 0.1999999999999999
Running hSBM on sample: 78 with sample_prop: 0.1999999999999999
Running hSBM on sample: 77 with sample_prop: 0.1999999999999999
Running hSBM on sample: 75 with sample_prop: 0.1999999999999999
Running hSBM on sample: 82 with sample_prop: 0.2249999999999999
Running hSBM on sample: 80 with sample_prop: 0.1999999999999999
Running hSBM on sample: 81 with sample_prop: 0.2249999999999999
Running hSBM on sample: 83 with sample_prop: 0.2249999999999999
Running hSBM on sample: 84 with sample_prop: 0.2249999999999999
Running hSBM on sample: 85 with sample_prop: 0.2249999999999999
Running hSBM on sample: 87 with sample_prop: 0.2249999999999999
Running hSBM on sample: 89 with sample_prop: 0.2249999999999999
Running hSBM on sample: 86 with sample_prop: 0.2249999999999999
Running hSBM on sample: 88 with sample_prop: 0.2249999999999999
Running hSBM on sample: 94 with sample_prop: 0.2499999999999999
Running hSBM on sample: 92 with sample_prop: 0.2499999999999999
Running hSBM on sample: 90 with sample_prop: 0.2249999999999999
Running hSBM on sample: 93 with sample_prop: 0.2499999999999999
Running hSBM on sample: 91 with sample_prop: 0.2499999999999999
./my_program.sh: line 19: 21429 Killed                  python3.9 Python/phoenix_hSBM.py $(($i*5+$j-1))
Running hSBM on sample: 98 with sample_prop: 0.2499999999999999
Running hSBM on sample: 96 with sample_prop: 0.2499999999999999
Running hSBM on sample: 95 with sample_prop: 0.2499999999999999
Running hSBM on sample: 99 with sample_prop: 0.2499999999999999
Running hSBM on sample: 97 with sample_prop: 0.2499999999999999
./my_program.sh: line 19: 28439 Killed                  python3.9 Python/phoenix_hSBM.py $(($i*5+$j-1))
Running hSBM on sample: 103 with sample_prop: 0.2749999999999999
Running hSBM on sample: 100 with sample_prop: 0.2499999999999999
Running hSBM on sample: 101 with sample_prop: 0.2749999999999999
Running hSBM on sample: 104 with sample_prop: 0.2749999999999999
Running hSBM on sample: 102 with sample_prop: 0.2749999999999999
./my_program.sh: line 19: 36884 Killed                  python3.9 Python/phoenix_hSBM.py $(($i*5+$j-1))
Running hSBM on sample: 108 with sample_prop: 0.2749999999999999
Running hSBM on sample: 109 with sample_prop: 0.2749999999999999
Running hSBM on sample: 106 with sample_prop: 0.2749999999999999
Running hSBM on sample: 107 with sample_prop: 0.2749999999999999
Running hSBM on sample: 105 with sample_prop: 0.2749999999999999
./my_program.sh: line 19: 52336 Killed                  python3.9 Python/phoenix_hSBM.py $(($i*5+$j-1))
Running hSBM on sample: 111 with sample_prop: 0.3
Running hSBM on sample: 114 with sample_prop: 0.3
Running hSBM on sample: 113 with sample_prop: 0.3
Running hSBM on sample: 110 with sample_prop: 0.2749999999999999
Running hSBM on sample: 112 with sample_prop: 0.3
./my_program.sh: line 19: 76731 Killed                  python3.9 Python/phoenix_hSBM.py $(($i*5+$j-1))
Running hSBM on sample: 115 with sample_prop: 0.3
Running hSBM on sample: 118 with sample_prop: 0.3
Running hSBM on sample: 119 with sample_prop: 0.3
Running hSBM on sample: 116 with sample_prop: 0.3
Running hSBM on sample: 117 with sample_prop: 0.3
./my_program.sh: line 19: 93502 Killed                  python3.9 Python/phoenix_hSBM.py $(($i*5+$j-1))
Running hSBM on sample: 122 with sample_prop: 0.325
Running hSBM on sample: 120 with sample_prop: 0.3
Running hSBM on sample: 123 with sample_prop: 0.325
Running hSBM on sample: 121 with sample_prop: 0.325
Running hSBM on sample: 124 with sample_prop: 0.325
./my_program.sh: line 19: 98309 Killed                  python3.9 Python/phoenix_hSBM.py $(($i*5+$j-1))
Running hSBM on sample: 126 with sample_prop: 0.325
Running hSBM on sample: 128 with sample_prop: 0.325
Running hSBM on sample: 125 with sample_prop: 0.325
Running hSBM on sample: 129 with sample_prop: 0.325
Running hSBM on sample: 127 with sample_prop: 0.325
./my_program.sh: line 19: 103832 Killed                  python3.9 Python/phoenix_hSBM.py $(($i*5+$j-1))
Running hSBM on sample: 133 with sample_prop: 0.35
Running hSBM on sample: 132 with sample_prop: 0.35
Running hSBM on sample: 130 with sample_prop: 0.325
Running hSBM on sample: 134 with sample_prop: 0.35
Running hSBM on sample: 131 with sample_prop: 0.35
./my_program.sh: line 19: 118272 Killed                  python3.9 Python/phoenix_hSBM.py $(($i*5+$j-1))
./my_program.sh: line 19: 118276 Killed                  python3.9 Python/phoenix_hSBM.py $(($i*5+$j-1))
Running hSBM on sample: 137 with sample_prop: 0.35
Running hSBM on sample: 136 with sample_prop: 0.35
Running hSBM on sample: 139 with sample_prop: 0.35
Running hSBM on sample: 135 with sample_prop: 0.35
Running hSBM on sample: 138 with sample_prop: 0.35
./my_program.sh: line 19: 138666 Killed                  python3.9 Python/phoenix_hSBM.py $(($i*5+$j-1))
./my_program.sh: line 19: 138668 Killed                  python3.9 Python/phoenix_hSBM.py $(($i*5+$j-1))
Running hSBM on sample: 140 with sample_prop: 0.35
Running hSBM on sample: 142 with sample_prop: 0.375
Running hSBM on sample: 143 with sample_prop: 0.375
Running hSBM on sample: 141 with sample_prop: 0.375
Running hSBM on sample: 144 with sample_prop: 0.375
./my_program.sh: line 19: 152942 Killed                  python3.9 Python/phoenix_hSBM.py $(($i*5+$j-1))
./my_program.sh: line 19: 152944 Killed                  python3.9 Python/phoenix_hSBM.py $(($i*5+$j-1))
Running hSBM on sample: 147 with sample_prop: 0.375
Running hSBM on sample: 145 with sample_prop: 0.375
Running hSBM on sample: 148 with sample_prop: 0.375
Running hSBM on sample: 149 with sample_prop: 0.375
Running hSBM on sample: 146 with sample_prop: 0.375
./my_program.sh: line 19: 162430 Killed                  python3.9 Python/phoenix_hSBM.py $(($i*5+$j-1))
./my_program.sh: line 19: 162431 Killed                  python3.9 Python/phoenix_hSBM.py $(($i*5+$j-1))
Running hSBM on sample: 154 with sample_prop: 0.3999999999999999
Running hSBM on sample: 151 with sample_prop: 0.3999999999999999
Running hSBM on sample: 150 with sample_prop: 0.375
Running hSBM on sample: 152 with sample_prop: 0.3999999999999999
Running hSBM on sample: 153 with sample_prop: 0.3999999999999999
./my_program.sh: line 19: 172087 Killed                  python3.9 Python/phoenix_hSBM.py $(($i*5+$j-1))
./my_program.sh: line 19: 172088 Killed                  python3.9 Python/phoenix_hSBM.py $(($i*5+$j-1))
Running hSBM on sample: 155 with sample_prop: 0.3999999999999999
Running hSBM on sample: 156 with sample_prop: 0.3999999999999999
Running hSBM on sample: 159 with sample_prop: 0.3999999999999999
Running hSBM on sample: 157 with sample_prop: 0.3999999999999999
Running hSBM on sample: 158 with sample_prop: 0.3999999999999999
./my_program.sh: line 19: 187168 Killed                  python3.9 Python/phoenix_hSBM.py $(($i*5+$j-1))
./my_program.sh: line 19: 187170 Killed                  python3.9 Python/phoenix_hSBM.py $(($i*5+$j-1))
Running hSBM on sample: 160 with sample_prop: 0.3999999999999999
Running hSBM on sample: 164 with sample_prop: 0.425
Running hSBM on sample: 161 with sample_prop: 0.425
Running hSBM on sample: 163 with sample_prop: 0.425
Running hSBM on sample: 162 with sample_prop: 0.425
./my_program.sh: line 19: 229184 Killed                  python3.9 Python/phoenix_hSBM.py $(($i*5+$j-1))
./my_program.sh: line 19: 229185 Killed                  python3.9 Python/phoenix_hSBM.py $(($i*5+$j-1))
Running hSBM on sample: 167 with sample_prop: 0.425
Running hSBM on sample: 169 with sample_prop: 0.425
Running hSBM on sample: 168 with sample_prop: 0.425
Running hSBM on sample: 166 with sample_prop: 0.425
Running hSBM on sample: 165 with sample_prop: 0.425
./my_program.sh: line 19: 256470 Killed                  python3.9 Python/phoenix_hSBM.py $(($i*5+$j-1))
./my_program.sh: line 19: 256472 Killed                  python3.9 Python/phoenix_hSBM.py $(($i*5+$j-1))
Running hSBM on sample: 171 with sample_prop: 0.45
Running hSBM on sample: 174 with sample_prop: 0.45
Running hSBM on sample: 173 with sample_prop: 0.45
Running hSBM on sample: 170 with sample_prop: 0.425
Running hSBM on sample: 172 with sample_prop: 0.45
./my_program.sh: line 19: 261712 Killed                  python3.9 Python/phoenix_hSBM.py $(($i*5+$j-1))
./my_program.sh: line 19: 261716 Killed                  python3.9 Python/phoenix_hSBM.py $(($i*5+$j-1))
Running hSBM on sample: 178 with sample_prop: 0.45
Running hSBM on sample: 176 with sample_prop: 0.45
Running hSBM on sample: 177 with sample_prop: 0.45
Running hSBM on sample: 179 with sample_prop: 0.45
Running hSBM on sample: 175 with sample_prop: 0.45
./my_program.sh: line 19: 268210 Killed                  python3.9 Python/phoenix_hSBM.py $(($i*5+$j-1))
./my_program.sh: line 19: 268212 Killed                  python3.9 Python/phoenix_hSBM.py $(($i*5+$j-1))
./my_program.sh: line 19: 268213 Killed                  python3.9 Python/phoenix_hSBM.py $(($i*5+$j-1))
Running hSBM on sample: 180 with sample_prop: 0.45
Running hSBM on sample: 182 with sample_prop: 0.475
Running hSBM on sample: 184 with sample_prop: 0.475
Running hSBM on sample: 181 with sample_prop: 0.475
Running hSBM on sample: 183 with sample_prop: 0.475
./my_program.sh: line 19: 272874 Killed                  python3.9 Python/phoenix_hSBM.py $(($i*5+$j-1))
./my_program.sh: line 19: 272876 Killed                  python3.9 Python/phoenix_hSBM.py $(($i*5+$j-1))
./my_program.sh: line 19: 272878 Killed                  python3.9 Python/phoenix_hSBM.py $(($i*5+$j-1))
Running hSBM on sample: 186 with sample_prop: 0.475
Running hSBM on sample: 187 with sample_prop: 0.475
Running hSBM on sample: 189 with sample_prop: 0.475
Running hSBM on sample: 185 with sample_prop: 0.475
Running hSBM on sample: 188 with sample_prop: 0.475
./my_program.sh: line 19: 33358 Killed                  python3.9 Python/phoenix_hSBM.py $(($i*5+$j-1))
./my_program.sh: line 19: 33360 Killed                  python3.9 Python/phoenix_hSBM.py $(($i*5+$j-1))
./my_program.sh: line 19: 33361 Killed                  python3.9 Python/phoenix_hSBM.py $(($i*5+$j-1))
Running hSBM on sample: 190 with sample_prop: 0.475
Running hSBM on sample: 192 with sample_prop: 0.5
Running hSBM on sample: 194 with sample_prop: 0.5
Running hSBM on sample: 193 with sample_prop: 0.5
Running hSBM on sample: 191 with sample_prop: 0.5
./my_program.sh: line 19: 61207 Killed                  python3.9 Python/phoenix_hSBM.py $(($i*5+$j-1))
./my_program.sh: line 19: 61210 Killed                  python3.9 Python/phoenix_hSBM.py $(($i*5+$j-1))
./my_program.sh: line 19: 61211 Killed                  python3.9 Python/phoenix_hSBM.py $(($i*5+$j-1))
Running hSBM on sample: 199 with sample_prop: 0.5
Running hSBM on sample: 196 with sample_prop: 0.5
Running hSBM on sample: 198 with sample_prop: 0.5
Running hSBM on sample: 195 with sample_prop: 0.5
Running hSBM on sample: 197 with sample_prop: 0.5
./my_program.sh: line 19: 65329 Killed                  python3.9 Python/phoenix_hSBM.py $(($i*5+$j-1))
./my_program.sh: line 19: 65332 Killed                  python3.9 Python/phoenix_hSBM.py $(($i*5+$j-1))
./my_program.sh: line 19: 65330 Killed                  python3.9 Python/phoenix_hSBM.py $(($i*5+$j-1))
Running hSBM on sample: 202 with sample_prop: 0.6
Running hSBM on sample: 203 with sample_prop: 0.6
Running hSBM on sample: 204 with sample_prop: 0.6
Running hSBM on sample: 201 with sample_prop: 0.6
Running hSBM on sample: 200 with sample_prop: 0.5
./my_program.sh: line 19: 74673 Killed                  python3.9 Python/phoenix_hSBM.py $(($i*5+$j-1))
./my_program.sh: line 19: 74675 Killed                  python3.9 Python/phoenix_hSBM.py $(($i*5+$j-1))
./my_program.sh: line 19: 74677 Killed                  python3.9 Python/phoenix_hSBM.py $(($i*5+$j-1))
Running hSBM on sample: 207 with sample_prop: 0.6
Running hSBM on sample: 205 with sample_prop: 0.6
Running hSBM on sample: 209 with sample_prop: 0.6
Running hSBM on sample: 208 with sample_prop: 0.6
Running hSBM on sample: 206 with sample_prop: 0.6
./my_program.sh: line 19: 89507 Killed                  python3.9 Python/phoenix_hSBM.py $(($i*5+$j-1))
./my_program.sh: line 19: 89508 Killed                  python3.9 Python/phoenix_hSBM.py $(($i*5+$j-1))
./my_program.sh: line 19: 89510 Killed                  python3.9 Python/phoenix_hSBM.py $(($i*5+$j-1))
Running hSBM on sample: 210 with sample_prop: 0.6
Running hSBM on sample: 214 with sample_prop: 0.7
Running hSBM on sample: 212 with sample_prop: 0.7
Running hSBM on sample: 213 with sample_prop: 0.7
Running hSBM on sample: 211 with sample_prop: 0.7
./my_program.sh: line 19: 113506 Killed                  python3.9 Python/phoenix_hSBM.py $(($i*5+$j-1))
./my_program.sh: line 19: 113509 Killed                  python3.9 Python/phoenix_hSBM.py $(($i*5+$j-1))
./my_program.sh: line 19: 113510 Killed                  python3.9 Python/phoenix_hSBM.py $(($i*5+$j-1))
Running hSBM on sample: 217 with sample_prop: 0.7
Running hSBM on sample: 216 with sample_prop: 0.7
Running hSBM on sample: 218 with sample_prop: 0.7
Running hSBM on sample: 219 with sample_prop: 0.7
Running hSBM on sample: 215 with sample_prop: 0.7
./my_program.sh: line 19: 137684 Killed                  python3.9 Python/phoenix_hSBM.py $(($i*5+$j-1))
./my_program.sh: line 19: 137685 Killed                  python3.9 Python/phoenix_hSBM.py $(($i*5+$j-1))
./my_program.sh: line 19: 137687 Killed                  python3.9 Python/phoenix_hSBM.py $(($i*5+$j-1))
Running hSBM on sample: 220 with sample_prop: 0.7
Running hSBM on sample: 221 with sample_prop: 0.8
Running hSBM on sample: 223 with sample_prop: 0.8
Running hSBM on sample: 224 with sample_prop: 0.8
Running hSBM on sample: 222 with sample_prop: 0.8
./my_program.sh: line 19: 170808 Killed                  python3.9 Python/phoenix_hSBM.py $(($i*5+$j-1))
