Module message: Setting OPENBLAS_NUM_THREADS to 1. Done. 
Already done 0
Already done 2
Already done 3
Already done 1
Already done 4
Already done 7
Already done 5
Already done 8
Already done 6
Already done 9
Already done 12
Already done 14
Already done 11
Already done 10
Already done 13
Already done 16
Already done 18
Already done 19
Already done 15
Already done 17
Already done 23
Already done 24
Already done 20
Already done 21
Already done 22
Already done 26
Already done 29
Already done 28
Already done 27
Already done 25
Already done 31
Already done 32
Already done 33
Already done 30
Already done 34
Already done 37
Already done 38
Already done 36
Already done 35
Already done 39
Already done 42
Already done 40
Already done 43
Already done 44
Already done 41
Already done 49
Already done 47
Already done 45
Already done 46
Already done 48
Already done 52
Already done 51
Already done 53
Already done 54
Already done 50
Already done 59
Already done 56
Already done 57
Already done 58
Already done 55
Already done 60
Already done 62
Already done 64
Already done 63
Already done 61
Already done 68
Already done 69
Already done 67
Already done 65
Already done 66
Already done 71
Already done 72
Already done 70
Already done 73
Already done 74
Already done 75
Already done 77
Already done 79
Already done 78
Already done 76
Already done 80
Already done 81
Already done 84
Already done 82
Already done 83
Already done 85
Already done 88
Already done 86
Already done 87
Already done 89
Already done 93
Already done 90
Already done 94
Already done 91
Already done 92
Already done 95
Already done 98
Already done 99
Already done 97
Running hSBM on sample: 96 with sample_prop: 0.2499999999999999
4
Already done 103
Already done 101
Already done 100
Already done 104
Running hSBM on sample: 102 with sample_prop: 0.2749999999999999
4
Already done 107
Already done 105
Already done 108
Already done 106
Running hSBM on sample: 109 with sample_prop: 0.2749999999999999
3
Already done 110
Already done 114
Already done 113
Already done 112
Running hSBM on sample: 111 with sample_prop: 0.3
4
Already done 115
Already done 119
Already done 117
Already done 116
Running hSBM on sample: 118 with sample_prop: 0.3
4
Already done 121
Already done 124
Already done 122
Already done 120
Running hSBM on sample: 123 with sample_prop: 0.325
4
Already done 129
Already done 127
Already done 125
Already done 126
Running hSBM on sample: 128 with sample_prop: 0.325
4
Already done 131
Already done 132
Already done 133
Running hSBM on sample: 134 with sample_prop: 0.35
Running hSBM on sample: 130 with sample_prop: 0.325
4
4
Already done 139
Already done 137
Already done 135
Running hSBM on sample: 136 with sample_prop: 0.35
Running hSBM on sample: 138 with sample_prop: 0.35
4
4
Already done 141
Already done 140
Already done 143
Running hSBM on sample: 144 with sample_prop: 0.375
Running hSBM on sample: 142 with sample_prop: 0.375
4
4
Already done 149
Already done 147
Already done 148
Running hSBM on sample: 146 with sample_prop: 0.375
Running hSBM on sample: 145 with sample_prop: 0.375
4
4
Already done 150
Already done 154
Already done 151
Running hSBM on sample: 152 with sample_prop: 0.3999999999999999
Running hSBM on sample: 153 with sample_prop: 0.3999999999999999
4
4
Already done 159
Already done 157
Already done 155
Running hSBM on sample: 158 with sample_prop: 0.3999999999999999
Running hSBM on sample: 156 with sample_prop: 0.3999999999999999
4
4
Already done 163
Already done 160
Already done 164
Running hSBM on sample: 161 with sample_prop: 0.425
Running hSBM on sample: 162 with sample_prop: 0.425
4
4
Already done 165
Already done 166
Already done 168
Running hSBM on sample: 169 with sample_prop: 0.425
Running hSBM on sample: 167 with sample_prop: 0.425
4
4
Already done 173
Already done 171
Already done 172
Running hSBM on sample: 174 with sample_prop: 0.45
Running hSBM on sample: 170 with sample_prop: 0.425
4
4
Already done 179
Already done 176
Running hSBM on sample: 175 with sample_prop: 0.45
Running hSBM on sample: 178 with sample_prop: 0.45
Running hSBM on sample: 177 with sample_prop: 0.45
4
4
4
Already done 181
Already done 183
Running hSBM on sample: 180 with sample_prop: 0.45
Running hSBM on sample: 184 with sample_prop: 0.475
Running hSBM on sample: 182 with sample_prop: 0.475
4
4
4
Already done 185
Already done 187
Running hSBM on sample: 189 with sample_prop: 0.475
Running hSBM on sample: 188 with sample_prop: 0.475
Running hSBM on sample: 186 with sample_prop: 0.475
4
4
4
Already done 192
Already done 191
Running hSBM on sample: 193 with sample_prop: 0.5
Running hSBM on sample: 194 with sample_prop: 0.5
Running hSBM on sample: 190 with sample_prop: 0.475
4
4
4
Already done 197
Already done 199
Running hSBM on sample: 195 with sample_prop: 0.5
Running hSBM on sample: 196 with sample_prop: 0.5
Running hSBM on sample: 198 with sample_prop: 0.5
3
4
4
Already done 203
Already done 201
Running hSBM on sample: 200 with sample_prop: 0.5
Running hSBM on sample: 204 with sample_prop: 0.6
Running hSBM on sample: 202 with sample_prop: 0.6
5
4
./my_program.sh: line 17: 62762 Killed                  python3.9 Python/phoenix_hSBM.py $(($i*5+$j-1))
Already done 208
Already done 205
Running hSBM on sample: 207 with sample_prop: 0.6
Running hSBM on sample: 209 with sample_prop: 0.6
Running hSBM on sample: 206 with sample_prop: 0.6
./my_program.sh: line 17: 124353 Killed                  python3.9 Python/phoenix_hSBM.py $(($i*5+$j-1))
4
5
Already done 212
Already done 211
Running hSBM on sample: 210 with sample_prop: 0.6
Running hSBM on sample: 213 with sample_prop: 0.7
Running hSBM on sample: 214 with sample_prop: 0.7
4
./my_program.sh: line 17: 213461 Killed                  python3.9 Python/phoenix_hSBM.py $(($i*5+$j-1))
4
Already done 217
Already done 219
Running hSBM on sample: 216 with sample_prop: 0.7
Running hSBM on sample: 215 with sample_prop: 0.7
Running hSBM on sample: 218 with sample_prop: 0.7
4
4
./my_program.sh: line 17:  1647 Killed                  python3.9 Python/phoenix_hSBM.py $(($i*5+$j-1))
Already done 221
Already done 224
Running hSBM on sample: 220 with sample_prop: 0.7
Running hSBM on sample: 222 with sample_prop: 0.8
Running hSBM on sample: 223 with sample_prop: 0.8
./my_program.sh: line 17: 103026 Killed                  python3.9 Python/phoenix_hSBM.py $(($i*5+$j-1))
4
4
Already done 229
Already done 228
Running hSBM on sample: 225 with sample_prop: 0.8
Running hSBM on sample: 227 with sample_prop: 0.8
Running hSBM on sample: 226 with sample_prop: 0.8
4
./my_program.sh: line 17: 210902 Killed                  python3.9 Python/phoenix_hSBM.py $(($i*5+$j-1))
5
Already done 231
Running hSBM on sample: 230 with sample_prop: 0.8
Running hSBM on sample: 232 with sample_prop: 0.9
Running hSBM on sample: 234 with sample_prop: 0.9
Running hSBM on sample: 233 with sample_prop: 0.9
4
./my_program.sh: line 17:   469 Killed                  python3.9 Python/phoenix_hSBM.py $(($i*5+$j-1))
./my_program.sh: line 17:   470 Killed                  python3.9 Python/phoenix_hSBM.py $(($i*5+$j-1))
4
Already done 239
Running hSBM on sample: 236 with sample_prop: 0.9
Running hSBM on sample: 235 with sample_prop: 0.9
Running hSBM on sample: 237 with sample_prop: 0.9
Running hSBM on sample: 238 with sample_prop: 0.9
4
5
./my_program.sh: line 17: 89029 Killed                  python3.9 Python/phoenix_hSBM.py $(($i*5+$j-1))
./my_program.sh: line 17: 89030 Killed                  python3.9 Python/phoenix_hSBM.py $(($i*5+$j-1))
Already done 244
Running hSBM on sample: 240 with sample_prop: 0.9
Running hSBM on sample: 241 with sample_prop: 1.0
Running hSBM on sample: 242 with sample_prop: 1.0
Running hSBM on sample: 243 with sample_prop: 1.0
4
./my_program.sh: line 17: 214147 Killed                  python3.9 Python/phoenix_hSBM.py $(($i*5+$j-1))
./my_program.sh: line 17: 214148 Killed                  python3.9 Python/phoenix_hSBM.py $(($i*5+$j-1))
5
Already done 245
Running hSBM on sample: 248 with sample_prop: 1.0
Running hSBM on sample: 249 with sample_prop: 1.0
Running hSBM on sample: 246 with sample_prop: 1.0
Running hSBM on sample: 247 with sample_prop: 1.0
./my_program.sh: line 17: 53024 Killed                  python3.9 Python/phoenix_hSBM.py $(($i*5+$j-1))
5
./my_program.sh: line 17: 53026 Killed                  python3.9 Python/phoenix_hSBM.py $(($i*5+$j-1))
./my_program.sh: line 17: 53027 Killed                  python3.9 Python/phoenix_hSBM.py $(($i*5+$j-1))
Traceback (most recent call last):
  File "/hpcfs/users/a1670295/Sampling/Python/phoenix_hSBM.py", line 18, in <module>
Traceback (most recent call last):
  File "/hpcfs/users/a1670295/Sampling/Python/phoenix_hSBM.py", line 18, in <module>
    sample_prop = sample_info.query("sample == @sample")['sample_prop'].iloc[0]
  File "/hpcfs/users/a1670295/myconda/envs/gt/lib/python3.9/site-packages/pandas/core/indexing.py", line 895, in __getitem__
    sample_prop = sample_info.query("sample == @sample")['sample_prop'].iloc[0]
  File "/hpcfs/users/a1670295/myconda/envs/gt/lib/python3.9/site-packages/pandas/core/indexing.py", line 895, in __getitem__
Traceback (most recent call last):
  File "/hpcfs/users/a1670295/Sampling/Python/phoenix_hSBM.py", line 18, in <module>
    sample_prop = sample_info.query("sample == @sample")['sample_prop'].iloc[0]
  File "/hpcfs/users/a1670295/myconda/envs/gt/lib/python3.9/site-packages/pandas/core/indexing.py", line 895, in __getitem__
Traceback (most recent call last):
  File "/hpcfs/users/a1670295/Sampling/Python/phoenix_hSBM.py", line 18, in <module>
    sample_prop = sample_info.query("sample == @sample")['sample_prop'].iloc[0]
  File "/hpcfs/users/a1670295/myconda/envs/gt/lib/python3.9/site-packages/pandas/core/indexing.py", line 895, in __getitem__
Already done 250
    return self._getitem_axis(maybe_callable, axis=axis)
  File "/hpcfs/users/a1670295/myconda/envs/gt/lib/python3.9/site-packages/pandas/core/indexing.py", line 1501, in _getitem_axis
    return self._getitem_axis(maybe_callable, axis=axis)
  File "/hpcfs/users/a1670295/myconda/envs/gt/lib/python3.9/site-packages/pandas/core/indexing.py", line 1501, in _getitem_axis
    self._validate_integer(key, axis)
  File "/hpcfs/users/a1670295/myconda/envs/gt/lib/python3.9/site-packages/pandas/core/indexing.py", line 1444, in _validate_integer
    return self._getitem_axis(maybe_callable, axis=axis)
  File "/hpcfs/users/a1670295/myconda/envs/gt/lib/python3.9/site-packages/pandas/core/indexing.py", line 1501, in _getitem_axis
    raise IndexError("single positional indexer is out-of-bounds")
IndexError: single positional indexer is out-of-bounds
    self._validate_integer(key, axis)
  File "/hpcfs/users/a1670295/myconda/envs/gt/lib/python3.9/site-packages/pandas/core/indexing.py", line 1444, in _validate_integer
    raise IndexError("single positional indexer is out-of-bounds")
IndexError: single positional indexer is out-of-bounds
    self._validate_integer(key, axis)
  File "/hpcfs/users/a1670295/myconda/envs/gt/lib/python3.9/site-packages/pandas/core/indexing.py", line 1444, in _validate_integer
    raise IndexError("single positional indexer is out-of-bounds")
IndexError: single positional indexer is out-of-bounds
    return self._getitem_axis(maybe_callable, axis=axis)
  File "/hpcfs/users/a1670295/myconda/envs/gt/lib/python3.9/site-packages/pandas/core/indexing.py", line 1501, in _getitem_axis
    self._validate_integer(key, axis)
  File "/hpcfs/users/a1670295/myconda/envs/gt/lib/python3.9/site-packages/pandas/core/indexing.py", line 1444, in _validate_integer
    raise IndexError("single positional indexer is out-of-bounds")
IndexError: single positional indexer is out-of-bounds
Tree distance on sample: 19
Already done 19
Tree distance on sample: 43
Already done 43
Tree distance on sample: 181
Tree distance on sample: 76
Already done 76
Tree distance on sample: 118
Already done 118
Tree distance on sample: 101
Tree distance on sample: 154
Tree distance on sample: 49
Already done 49
Tree distance on sample: 6
Tree distance on sample: 62
Already done 62
Already done 6
Tree distance on sample: 130
Tree distance on sample: 104
Tree distance on sample: 36
Already done 36
Tree distance on sample: 15
Tree distance on sample: 208
Already done 208
Tree distance on sample: 25
Already done 25
Tree distance on sample: 71
Tree distance on sample: 38
Already done 38
Tree distance on sample: 150
Tree distance on sample: 64
Tree distance on sample: 51
Tree distance on sample: 107
Tree distance on sample: 44
Tree distance on sample: 50
Tree distance on sample: 152
Already done 50
Tree distance on sample: 7
Tree distance on sample: 59
Already done 59
Tree distance on sample: 39
Tree distance on sample: 91
Tree distance on sample: 178
Tree distance on sample: 196
Tree distance on sample: 197
Already done 197
Tree distance on sample: 117
Already done 117
Tree distance on sample: 240
Tree distance on sample: 47
Tree distance on sample: 124
Already done 124
Tree distance on sample: 22
Already done 22
Tree distance on sample: 1
Tree distance on sample: 187
Already done 187
Tree distance on sample: 27
Tree distance on sample: 114
Already done 114
Tree distance on sample: 159
Already done 159
Tree distance on sample: 166
Tree distance on sample: 116
Tree distance on sample: 83
Tree distance on sample: 96
Already done 96
Tree distance on sample: 246
Tree distance on sample: 2
Tree distance on sample: 132
Tree distance on sample: 120
Already done 132
Tree distance on sample: 10
Already done 10
Tree distance on sample: 145
Tree distance on sample: 18
Already done 18
Tree distance on sample: 13
Tree distance on sample: 88
Already done 88
Tree distance on sample: 217
Already done 217
Tree distance on sample: 31
Already done 31
Tree distance on sample: 9
Tree distance on sample: 194
Tree distance on sample: 184
Tree distance on sample: 66
Already done 66
Tree distance on sample: 165
Tree distance on sample: 119
Already done 119
Tree distance on sample: 61
Tree distance on sample: 199
Already done 199
Already done 61
Tree distance on sample: 26
Already done 26
Tree distance on sample: 95
Tree distance on sample: 156
Tree distance on sample: 33
Tree distance on sample: 78
Already done 78
Tree distance on sample: 160
Tree distance on sample: 149
Already done 149
Already done 160
Tree distance on sample: 11
Already done 11
Tree distance on sample: 41
Already done 41
Tree distance on sample: 29
Tree distance on sample: 72
Already done 72
Tree distance on sample: 142
Tree distance on sample: 53
Tree distance on sample: 73
Already done 73
Tree distance on sample: 98
Already done 98
Tree distance on sample: 174
Tree distance on sample: 248
Tree distance on sample: 216
Tree distance on sample: 211
Tree distance on sample: 180
Tree distance on sample: 35
Already done 35
Tree distance on sample: 24
Tree distance on sample: 162
Already done 24
Tree distance on sample: 45
Already done 45
Tree distance on sample: 67
Tree distance on sample: 46
Tree distance on sample: 85
Already done 85
Tree distance on sample: 125
Tree distance on sample: 65
Already done 65
Tree distance on sample: 20
Tree distance on sample: 103
Already done 103
Tree distance on sample: 198
Tree distance on sample: 179
Tree distance on sample: 171
Tree distance on sample: 131
Already done 171
Already done 131
Tree distance on sample: 186
Tree distance on sample: 89
Already done 89
Tree distance on sample: 129
Already done 129
Tree distance on sample: 167
Tree distance on sample: 30
Already done 30
Tree distance on sample: 21
Already done 21
Tree distance on sample: 250
Tree distance on sample: 135
Already done 135
Tree distance on sample: 70
Already done 250
Tree distance on sample: 144
Already done 144
Tree distance on sample: 54
Tree distance on sample: 176
Already done 54
Tree distance on sample: 140
Tree distance on sample: 164
Tree distance on sample: 182
Already done 164
Already done 140
Tree distance on sample: 109
Tree distance on sample: 12
Tree distance on sample: 94
Tree distance on sample: 153
Already done 94
Tree distance on sample: 123
Already done 123
Tree distance on sample: 128
Tree distance on sample: 102
Tree distance on sample: 68
Already done 68
Tree distance on sample: 141
Already done 141
Tree distance on sample: 3
Already done 3
Tree distance on sample: 90
Already done 90
Tree distance on sample: 115
Already done 115
Tree distance on sample: 16
Tree distance on sample: 75
Tree distance on sample: 81
Tree distance on sample: 86
Tree distance on sample: 143
Already done 143
Tree distance on sample: 137
Tree distance on sample: 56
Already done 137
Tree distance on sample: 205
Already done 205
Already done 56
Tree distance on sample: 245
Tree distance on sample: 209
Tree distance on sample: 201
Tree distance on sample: 110
Tree distance on sample: 93
Already done 110
Tree distance on sample: 188
Tree distance on sample: 214
Tree distance on sample: 108
Already done 108
Tree distance on sample: 55
Already done 55
Tree distance on sample: 185
Already done 185
Tree distance on sample: 126
Tree distance on sample: 40
Already done 40
Tree distance on sample: 122
Already done 122
Tree distance on sample: 136
Already done 136
Tree distance on sample: 105
Tree distance on sample: 57
Already done 57
Tree distance on sample: 58
Tree distance on sample: 79
Tree distance on sample: 151
Already done 79
Already done 151
Tree distance on sample: 113
Already done 113
Tree distance on sample: 238
Tree distance on sample: 195
Tree distance on sample: 232
Tree distance on sample: 87
Tree distance on sample: 121
Already done 121
Already done 87
Tree distance on sample: 146
Tree distance on sample: 138
Tree distance on sample: 213
Tree distance on sample: 229
Already done 229
Tree distance on sample: 82
Tree distance on sample: 157
Already done 157
Already done 82
Tree distance on sample: 84
Already done 84
Tree distance on sample: 34
Already done 34
Tree distance on sample: 170
Tree distance on sample: 77
Tree distance on sample: 226
Tree distance on sample: 161
Tree distance on sample: 175
Tree distance on sample: 14
Already done 14
Tree distance on sample: 133
Tree distance on sample: 215
Tree distance on sample: 37
Already done 37
Tree distance on sample: 42
Already done 42
Tree distance on sample: 231
Already done 231
Tree distance on sample: 227
Tree distance on sample: 222
Tree distance on sample: 244
Already done 244
Tree distance on sample: 224
Already done 224
Tree distance on sample: 106
Already done 106
Tree distance on sample: 242
Tree distance on sample: 203
Already done 203
Tree distance on sample: 218
Tree distance on sample: 191
Tree distance on sample: 234
Tree distance on sample: 17
Already done 17
Tree distance on sample: 5
Tree distance on sample: 210
Tree distance on sample: 163
Tree distance on sample: 212
Already done 212
Already done 163
Tree distance on sample: 243
Tree distance on sample: 69
Already done 69
Tree distance on sample: 219
Already done 219
Tree distance on sample: 4
Tree distance on sample: 249
Tree distance on sample: 225
Tree distance on sample: 155
Tree distance on sample: 204
Already done 155
Tree distance on sample: 221
Already done 221
Tree distance on sample: 183
Already done 183
Tree distance on sample: 235
Tree distance on sample: 97
Tree distance on sample: 202
Already done 97
Tree distance on sample: 172
Tree distance on sample: 233
Already done 172
Tree distance on sample: 139
Tree distance on sample: 28
Already done 28
Tree distance on sample: 177
Tree distance on sample: 239
Already done 239
Tree distance on sample: 92
Tree distance on sample: 236
Tree distance on sample: 189
Tree distance on sample: 127
Already done 127
Tree distance on sample: 8
Tree distance on sample: 223
Tree distance on sample: 158
Tree distance on sample: 52
Already done 52
Tree distance on sample: 80
Tree distance on sample: 200
Tree distance on sample: 148
Already done 148
Tree distance on sample: 99
Already done 99
Tree distance on sample: 100
Already done 100
Tree distance on sample: 63
Tree distance on sample: 190
Already done 63
Tree distance on sample: 111
Tree distance on sample: 173
Tree distance on sample: 60
Already done 173
Already done 60
Tree distance on sample: 206
Tree distance on sample: 32
Tree distance on sample: 134
Already done 32
Already done 134
Tree distance on sample: 147
Tree distance on sample: 112
Already done 112
Already done 147
Tree distance on sample: 74
Tree distance on sample: 48
Already done 48
Tree distance on sample: 220
Tree distance on sample: 192
Already done 192
Tree distance on sample: 241
Tree distance on sample: 247
Tree distance on sample: 168
Already done 168
Tree distance on sample: 207
Tree distance on sample: 237
Tree distance on sample: 23
Already done 23
Tree distance on sample: 169
Tree distance on sample: 193
Tree distance on sample: 228
Already done 228
Tree distance on sample: 230
Traceback (most recent call last):
  File "/hpcfs/users/a1670295/Sampling/Python/phoenix_tree_dist.py", line 26, in <module>
Traceback (most recent call last):
  File "/hpcfs/users/a1670295/Sampling/Python/phoenix_tree_dist.py", line 26, in <module>
Traceback (most recent call last):
  File "/hpcfs/users/a1670295/Sampling/Python/phoenix_tree_dist.py", line 26, in <module>
    df = pd.read_csv("data/Tidy_Topics/tidy_topics_str.csv")
  File "/hpcfs/users/a1670295/myconda/envs/gt/lib/python3.9/site-packages/pandas/io/parsers.py", line 610, in read_csv
    df = pd.read_csv("data/Tidy_Topics/tidy_topics_str.csv")
  File "/hpcfs/users/a1670295/myconda/envs/gt/lib/python3.9/site-packages/pandas/io/parsers.py", line 610, in read_csv
    df = pd.read_csv("data/Tidy_Topics/tidy_topics_str.csv")
  File "/hpcfs/users/a1670295/myconda/envs/gt/lib/python3.9/site-packages/pandas/io/parsers.py", line 610, in read_csv
    return _read(filepath_or_buffer, kwds)
  File "/hpcfs/users/a1670295/myconda/envs/gt/lib/python3.9/site-packages/pandas/io/parsers.py", line 468, in _read
    return parser.read(nrows)
  File "/hpcfs/users/a1670295/myconda/envs/gt/lib/python3.9/site-packages/pandas/io/parsers.py", line 1057, in read
    index, columns, col_dict = self._engine.read(nrows)
  File "/hpcfs/users/a1670295/myconda/envs/gt/lib/python3.9/site-packages/pandas/io/parsers.py", line 2061, in read
    data = self._reader.read(nrows)
  File "pandas/_libs/parsers.pyx", line 756, in pandas._libs.parsers.TextReader.read
    return _read(filepath_or_buffer, kwds)
  File "/hpcfs/users/a1670295/myconda/envs/gt/lib/python3.9/site-packages/pandas/io/parsers.py", line 468, in _read
    return parser.read(nrows)
  File "/hpcfs/users/a1670295/myconda/envs/gt/lib/python3.9/site-packages/pandas/io/parsers.py", line 1057, in read
    index, columns, col_dict = self._engine.read(nrows)
  File "/hpcfs/users/a1670295/myconda/envs/gt/lib/python3.9/site-packages/pandas/io/parsers.py", line 2061, in read
    data = self._reader.read(nrows)
  File "pandas/_libs/parsers.pyx", line 756, in pandas._libs.parsers.TextReader.read
    return _read(filepath_or_buffer, kwds)
  File "/hpcfs/users/a1670295/myconda/envs/gt/lib/python3.9/site-packages/pandas/io/parsers.py", line 468, in _read
    return parser.read(nrows)
  File "/hpcfs/users/a1670295/myconda/envs/gt/lib/python3.9/site-packages/pandas/io/parsers.py", line 1057, in read
    index, columns, col_dict = self._engine.read(nrows)
  File "/hpcfs/users/a1670295/myconda/envs/gt/lib/python3.9/site-packages/pandas/io/parsers.py", line 2061, in read
    data = self._reader.read(nrows)
  File "pandas/_libs/parsers.pyx", line 756, in pandas._libs.parsers.TextReader.read
  File "pandas/_libs/parsers.pyx", line 771, in pandas._libs.parsers.TextReader._read_low_memory
  File "pandas/_libs/parsers.pyx", line 827, in pandas._libs.parsers.TextReader._read_rows
  File "pandas/_libs/parsers.pyx", line 814, in pandas._libs.parsers.TextReader._tokenize_rows
  File "pandas/_libs/parsers.pyx", line 1943, in pandas._libs.parsers.raise_parser_error
  File "pandas/_libs/parsers.pyx", line 771, in pandas._libs.parsers.TextReader._read_low_memory
  File "pandas/_libs/parsers.pyx", line 827, in pandas._libs.parsers.TextReader._read_rows
  File "pandas/_libs/parsers.pyx", line 814, in pandas._libs.parsers.TextReader._tokenize_rows
  File "pandas/_libs/parsers.pyx", line 1943, in pandas._libs.parsers.raise_parser_error
  File "pandas/_libs/parsers.pyx", line 771, in pandas._libs.parsers.TextReader._read_low_memory
  File "pandas/_libs/parsers.pyx", line 827, in pandas._libs.parsers.TextReader._read_rows
  File "pandas/_libs/parsers.pyx", line 814, in pandas._libs.parsers.TextReader._tokenize_rows
  File "pandas/_libs/parsers.pyx", line 1943, in pandas._libs.parsers.raise_parser_error
OSError: [Errno 12] Cannot allocate memory
OSError: [Errno 12] Cannot allocate memory
OSError: [Errno 12] Cannot allocate memory
Traceback (most recent call last):
  File "/hpcfs/users/a1670295/Sampling/Python/phoenix_tree_dist.py", line 26, in <module>
    df = pd.read_csv("data/Tidy_Topics/tidy_topics_str.csv")
  File "/hpcfs/users/a1670295/myconda/envs/gt/lib/python3.9/site-packages/pandas/io/parsers.py", line 610, in read_csv
    return _read(filepath_or_buffer, kwds)
  File "/hpcfs/users/a1670295/myconda/envs/gt/lib/python3.9/site-packages/pandas/io/parsers.py", line 468, in _read
    return parser.read(nrows)
  File "/hpcfs/users/a1670295/myconda/envs/gt/lib/python3.9/site-packages/pandas/io/parsers.py", line 1057, in read
    index, columns, col_dict = self._engine.read(nrows)
  File "/hpcfs/users/a1670295/myconda/envs/gt/lib/python3.9/site-packages/pandas/io/parsers.py", line 2061, in read
    data = self._reader.read(nrows)
  File "pandas/_libs/parsers.pyx", line 756, in pandas._libs.parsers.TextReader.read
  File "pandas/_libs/parsers.pyx", line 771, in pandas._libs.parsers.TextReader._read_low_memory
  File "pandas/_libs/parsers.pyx", line 827, in pandas._libs.parsers.TextReader._read_rows
  File "pandas/_libs/parsers.pyx", line 814, in pandas._libs.parsers.TextReader._tokenize_rows
  File "pandas/_libs/parsers.pyx", line 1943, in pandas._libs.parsers.raise_parser_error
OSError: [Errno 12] Cannot allocate memory
Traceback (most recent call last):
  File "/hpcfs/users/a1670295/Sampling/Python/phoenix_tree_dist.py", line 26, in <module>
    df = pd.read_csv("data/Tidy_Topics/tidy_topics_str.csv")
  File "/hpcfs/users/a1670295/myconda/envs/gt/lib/python3.9/site-packages/pandas/io/parsers.py", line 610, in read_csv
    return _read(filepath_or_buffer, kwds)
  File "/hpcfs/users/a1670295/myconda/envs/gt/lib/python3.9/site-packages/pandas/io/parsers.py", line 468, in _read
    return parser.read(nrows)
  File "/hpcfs/users/a1670295/myconda/envs/gt/lib/python3.9/site-packages/pandas/io/parsers.py", line 1057, in read
    index, columns, col_dict = self._engine.read(nrows)
  File "/hpcfs/users/a1670295/myconda/envs/gt/lib/python3.9/site-packages/pandas/io/parsers.py", line 2061, in read
    data = self._reader.read(nrows)
  File "pandas/_libs/parsers.pyx", line 756, in pandas._libs.parsers.TextReader.read
  File "pandas/_libs/parsers.pyx", line 771, in pandas._libs.parsers.TextReader._read_low_memory
  File "pandas/_libs/parsers.pyx", line 827, in pandas._libs.parsers.TextReader._read_rows
  File "pandas/_libs/parsers.pyx", line 814, in pandas._libs.parsers.TextReader._tokenize_rows
  File "pandas/_libs/parsers.pyx", line 1943, in pandas._libs.parsers.raise_parser_error
OSError: [Errno 12] Cannot allocate memory
Traceback (most recent call last):
  File "/hpcfs/users/a1670295/Sampling/Python/phoenix_tree_dist.py", line 84, in <module>
    d = total_dist(full_data, sample_data)
  File "/hpcfs/users/a1670295/Sampling/Python/phoenix_tree_dist.py", line 40, in total_dist
    max_depth_sample = len(list(sample_data.items())[1][1][0].split("-"))
IndexError: list index out of range
Traceback (most recent call last):
  File "/hpcfs/users/a1670295/Sampling/Python/phoenix_tree_dist.py", line 84, in <module>
    d = total_dist(full_data, sample_data)
  File "/hpcfs/users/a1670295/Sampling/Python/phoenix_tree_dist.py", line 40, in total_dist
    max_depth_sample = len(list(sample_data.items())[1][1][0].split("-"))
IndexError: list index out of range
Traceback (most recent call last):
  File "/hpcfs/users/a1670295/Sampling/Python/phoenix_tree_dist.py", line 84, in <module>
    d = total_dist(full_data, sample_data)
  File "/hpcfs/users/a1670295/Sampling/Python/phoenix_tree_dist.py", line 40, in total_dist
    max_depth_sample = len(list(sample_data.items())[1][1][0].split("-"))
Traceback (most recent call last):
  File "/hpcfs/users/a1670295/Sampling/Python/phoenix_tree_dist.py", line 84, in <module>
IndexError: list index out of range
    d = total_dist(full_data, sample_data)
  File "/hpcfs/users/a1670295/Sampling/Python/phoenix_tree_dist.py", line 40, in total_dist
    max_depth_sample = len(list(sample_data.items())[1][1][0].split("-"))
IndexError: list index out of range
Traceback (most recent call last):
  File "/hpcfs/users/a1670295/Sampling/Python/phoenix_tree_dist.py", line 84, in <module>
    d = total_dist(full_data, sample_data)
  File "/hpcfs/users/a1670295/Sampling/Python/phoenix_tree_dist.py", line 40, in total_dist
    max_depth_sample = len(list(sample_data.items())[1][1][0].split("-"))
IndexError: list index out of range
Traceback (most recent call last):
  File "/hpcfs/users/a1670295/Sampling/Python/phoenix_tree_dist.py", line 84, in <module>
    d = total_dist(full_data, sample_data)
  File "/hpcfs/users/a1670295/Sampling/Python/phoenix_tree_dist.py", line 40, in total_dist
    max_depth_sample = len(list(sample_data.items())[1][1][0].split("-"))
IndexError: list index out of range
Traceback (most recent call last):
  File "/hpcfs/users/a1670295/Sampling/Python/phoenix_tree_dist.py", line 84, in <module>
    d = total_dist(full_data, sample_data)
  File "/hpcfs/users/a1670295/Sampling/Python/phoenix_tree_dist.py", line 40, in total_dist
    max_depth_sample = len(list(sample_data.items())[1][1][0].split("-"))
IndexError: list index out of range
Traceback (most recent call last):
  File "/hpcfs/users/a1670295/Sampling/Python/phoenix_tree_dist.py", line 84, in <module>
    d = total_dist(full_data, sample_data)
  File "/hpcfs/users/a1670295/Sampling/Python/phoenix_tree_dist.py", line 40, in total_dist
    max_depth_sample = len(list(sample_data.items())[1][1][0].split("-"))
IndexError: list index out of range
Traceback (most recent call last):
  File "/hpcfs/users/a1670295/Sampling/Python/phoenix_tree_dist.py", line 84, in <module>
    d = total_dist(full_data, sample_data)
  File "/hpcfs/users/a1670295/Sampling/Python/phoenix_tree_dist.py", line 40, in total_dist
    max_depth_sample = len(list(sample_data.items())[1][1][0].split("-"))
IndexError: list index out of range
Traceback (most recent call last):
  File "/hpcfs/users/a1670295/Sampling/Python/phoenix_tree_dist.py", line 84, in <module>
    d = total_dist(full_data, sample_data)
  File "/hpcfs/users/a1670295/Sampling/Python/phoenix_tree_dist.py", line 40, in total_dist
    max_depth_sample = len(list(sample_data.items())[1][1][0].split("-"))
IndexError: list index out of range
Traceback (most recent call last):
  File "/hpcfs/users/a1670295/Sampling/Python/phoenix_tree_dist.py", line 84, in <module>
    d = total_dist(full_data, sample_data)
  File "/hpcfs/users/a1670295/Sampling/Python/phoenix_tree_dist.py", line 40, in total_dist
    max_depth_sample = len(list(sample_data.items())[1][1][0].split("-"))
IndexError: list index out of range
Traceback (most recent call last):
  File "/hpcfs/users/a1670295/Sampling/Python/phoenix_tree_dist.py", line 84, in <module>
    d = total_dist(full_data, sample_data)
  File "/hpcfs/users/a1670295/Sampling/Python/phoenix_tree_dist.py", line 40, in total_dist
    max_depth_sample = len(list(sample_data.items())[1][1][0].split("-"))
IndexError: list index out of range
